// Spring Shell 1.2.0.RELEASE log opened at 2016-12-13 11:02:48
clear
date
exit
// Spring Shell 1.2.0.RELEASE log closed at 2016-12-13 11:03:11
// Spring Shell 1.2.0.RELEASE log opened at 2016-12-13 11:07:28
exit
// Spring Shell 1.2.0.RELEASE log closed at 2016-12-13 11:07:41
// Spring Shell 1.2.0.RELEASE log opened at 2016-12-13 11:09:34
exit
// Spring Shell 1.2.0.RELEASE log closed at 2016-12-13 11:09:52
// Spring Shell 1.2.0.RELEASE log opened at 2016-12-13 11:21:03
quit
// Spring Shell 1.2.0.RELEASE log closed at 2016-12-13 11:21:06
// Spring Shell 1.2.0.RELEASE log opened at 2016-12-13 11:26:02
exit
// Spring Shell 1.2.0.RELEASE log closed at 2016-12-13 11:26:10
// Spring Shell 1.2.0.RELEASE log opened at 2016-12-13 11:26:43
help
exit
// Spring Shell 1.2.0.RELEASE log closed at 2016-12-13 11:26:54
// Spring Shell 1.2.0.RELEASE log opened at 2016-12-13 11:27:59
quit
// Spring Shell 1.2.0.RELEASE log closed at 2016-12-13 11:28:04
// Spring Shell 1.2.0.RELEASE log opened at 2016-12-13 11:29:37
hw simple --message wurst
quit
// Spring Shell 1.2.0.RELEASE log closed at 2016-12-13 11:29:59
// Spring Shell 1.2.0.RELEASE log opened at 2016-12-13 11:30:01
quit
// Spring Shell 1.2.0.RELEASE log closed at 2016-12-13 11:30:06
// Spring Shell 1.2.0.RELEASE log opened at 2016-12-13 11:37:11
exit
// Spring Shell 1.2.0.RELEASE log closed at 2016-12-13 11:37:45
// Spring Shell 1.2.0.RELEASE log opened at 2016-12-13 11:37:51
exit
// Spring Shell 1.2.0.RELEASE log closed at 2016-12-13 11:38:05
